<?xml version="1.0" encoding="UTF-8"?>
<beans xmlns="http://www.springframework.org/schema/beans"
	xmlns:xsi="http://www.w3.org/2001/XMLSchema-instance" 
	xmlns:aop="http://www.springframework.org/schema/aop"
	xmlns:tx="http://www.springframework.org/schema/tx"
	xmlns:util="http://www.springframework.org/schema/util"
	xsi:schemaLocation="
       http://www.springframework.org/schema/beans http://www.springframework.org/schema/beans/spring-beans-3.0.xsd
       http://www.springframework.org/schema/tx http://www.springframework.org/schema/tx/spring-tx-3.0.xsd
       http://www.springframework.org/schema/aop http://www.springframework.org/schema/aop/spring-aop-3.0.xsd
       http://www.springframework.org/schema/util http://www.springframework.org/schema/util/spring-util.xsd">
	
	<!-- Turn on Spring's autoproxy using AspectJ's @Aspect annotations. -->
	<aop:aspectj-autoproxy />
	
	<import resource="stack-configuration.spb.xml" />
	
	<bean id="userID" class="org.sagebionetworks.StackConfiguration" factory-method="getIAMUserId"/>
	<bean id="userKey" class="org.sagebionetworks.StackConfiguration" factory-method="getIAMUserKey"/>
	
	<!-- bean for AmazonWebServices BasicAWSCredentials -->
	<bean id="awsCredentials" class="com.amazonaws.auth.BasicAWSCredentials">
		<constructor-arg index="0"><ref bean="userID"/></constructor-arg>
		<constructor-arg index="1"><ref bean="userKey"/></constructor-arg>
	</bean>
	
	<!-- Create the AWS search client using the current credentials. Prototype 
		because we want a new one for each bean -->
	<bean id="awsSNSClient" class="com.amazonaws.services.sns.AmazonSNSClient"
		scope="prototype">
		<constructor-arg ref="awsCredentials" />
	</bean>

	<!-- The AmazonSQSClient -->
	<bean id="awsSQSClient" class="com.amazonaws.services.sqs.AmazonSQSClient"
		scope="singleton">
		<constructor-arg ref="awsCredentials" />
	</bean>

	<bean id="queueServiceDao" class="org.sagebionetworks.asynchronous.workers.sqs.QueueServiceDaoImpl">
	    <property name="maxSQSRequestSize" value="10"/>
	</bean>
	
	<!-- Setups a test message queue with associated dead letter queue. -->
	<bean id="testMessageQueue1"
			class="org.sagebionetworks.asynchronous.workers.sqs.MessageQueueImpl"
			depends-on="stackConfiguration">
		<constructor-arg index="0" value="testQ1" />
		<constructor-arg index="1" value="testTopic1" />
		<constructor-arg index="2">
			<list>
				<value>ENTITY</value>
			</list>
		</constructor-arg>
		<constructor-arg index="3" value="true" />
		<constructor-arg index="4" value="testQDeadLetter1" />
		<constructor-arg index="5" value="1" />
	</bean>

	<!-- Setups a test message queue without associated dead letter queue. -->
	<bean id="testMessageQueue2"
			class="org.sagebionetworks.asynchronous.workers.sqs.MessageQueueImpl"
			depends-on="stackConfiguration">
		<constructor-arg index="0" value="testQ2" />
		<constructor-arg index="1" value="testTopic2" />
		<constructor-arg index="2">
			<list>
				<value>ENTITY</value>
			</list>
		</constructor-arg>
		<constructor-arg index="3" value="true" />
	</bean>

</beans>